<?xml version="1.0" encoding="UTF-8"?>
<!-- Generated by org.testng.reporters.JUnitReportReporter -->
<testsuite skipped="0" hostname="ZELAR-PC" name="Automate.Testing.NewTest" tests="1" failures="0" timestamp="31 Oct 2018 10:02:22 GMT" time="3.028" errors="0">
  <testcase name="f" time="3.028" classname="Automate.Testing.NewTest"/>
</testsuite> <!-- Automate.Testing.NewTest -->
