<?xml version="1.0" encoding="UTF-8"?>
<!-- Generated by org.testng.reporters.JUnitReportReporter -->
<testsuite skipped="0" hostname="ZELAR-PC" name="Automate.Testing.NewTest" tests="1" failures="0" timestamp="05 Nov 2018 08:55:42 GMT" time="7.444" errors="0">
  <testcase name="f" time="7.444" classname="Automate.Testing.NewTest"/>
</testsuite> <!-- Automate.Testing.NewTest -->
